[debug] [2023-12-18T14:16:52.968Z] ----------------------------------------------------------------------
[debug] [2023-12-18T14:16:52.969Z] Command:       C:\Program Files\nodejs\node.exe C:\Users\Serikbolsyn\AppData\Roaming\npm\node_modules\firebase-tools\lib\bin\firebase.js init
[debug] [2023-12-18T14:16:52.969Z] CLI Version:   13.0.2
[debug] [2023-12-18T14:16:52.969Z] Platform:      win32
[debug] [2023-12-18T14:16:52.970Z] Node Version:  v18.17.1
[debug] [2023-12-18T14:16:52.970Z] Time:          Mon Dec 18 2023 20:16:52 GMT+0600 (Восточный Казахстан)
[debug] [2023-12-18T14:16:52.970Z] ----------------------------------------------------------------------
[debug] 
[debug] [2023-12-18T14:16:52.975Z] > command requires scopes: ["email","openid","https://www.googleapis.com/auth/cloudplatformprojects.readonly","https://www.googleapis.com/auth/firebase","https://www.googleapis.com/auth/cloud-platform"]
[debug] [2023-12-18T14:16:52.976Z] > authorizing via signed-in user (serikbolsyn.200904@gmail.com)
[info] 
     ######## #### ########  ######## ########     ###     ######  ########
     ##        ##  ##     ## ##       ##     ##  ##   ##  ##       ##
     ######    ##  ########  ######   ########  #########  ######  ######
     ##        ##  ##    ##  ##       ##     ## ##     ##       ## ##
     ##       #### ##     ## ######## ########  ##     ##  ######  ########

You're about to initialize a Firebase project in this directory:

  C:\Users\Serikbolsyn\Documents\GitHub\React-Project\unibuddy

[info] 
=== Project Setup
[info] 
[info] First, let's associate this project directory with a Firebase project.
[info] You can create multiple project aliases by running firebase use --add, 
[info] but for now we'll just set up a default project.
[info] 
[debug] [2023-12-18T14:17:18.461Z] > refreshing access token with scopes: []
[debug] [2023-12-18T14:17:18.467Z] >>> [apiv2][query] POST https://www.googleapis.com/oauth2/v3/token [none]
[debug] [2023-12-18T14:17:18.467Z] >>> [apiv2][body] POST https://www.googleapis.com/oauth2/v3/token [omitted]
[debug] [2023-12-18T14:17:18.972Z] <<< [apiv2][status] POST https://www.googleapis.com/oauth2/v3/token 200
[debug] [2023-12-18T14:17:18.972Z] <<< [apiv2][body] POST https://www.googleapis.com/oauth2/v3/token [omitted]
[debug] [2023-12-18T14:17:19.008Z] >>> [apiv2][query] GET https://firebase.googleapis.com/v1beta1/projects pageSize=100
[debug] [2023-12-18T14:17:20.809Z] <<< [apiv2][status] GET https://firebase.googleapis.com/v1beta1/projects 200
[debug] [2023-12-18T14:17:20.809Z] <<< [apiv2][body] GET https://firebase.googleapis.com/v1beta1/projects [omitted]
[info] i  Using project unibuddy-ac4e1 (UniBuddy) 
[info] 
=== Hosting Setup
[debug] [2023-12-18T14:17:26.748Z] >>> [apiv2][query] GET https://firebase.googleapis.com/v1beta1/projects/unibuddy-ac4e1 [none]
[debug] [2023-12-18T14:17:27.261Z] <<< [apiv2][status] GET https://firebase.googleapis.com/v1beta1/projects/unibuddy-ac4e1 200
[debug] [2023-12-18T14:17:27.261Z] <<< [apiv2][body] GET https://firebase.googleapis.com/v1beta1/projects/unibuddy-ac4e1 {"projectId":"unibuddy-ac4e1","projectNumber":"396355623147","displayName":"UniBuddy","name":"projects/unibuddy-ac4e1","resources":{"hostingSite":"unibuddy-ac4e1","realtimeDatabaseInstance":"unibuddy-ac4e1-default-rtdb"},"state":"ACTIVE","etag":"1_938d9f14-d0f9-400e-9118-fd5ae388276e"}
[info] 
[info] Your public directory is the folder (relative to your project directory) that
[info] will contain Hosting assets to be uploaded with firebase deploy. If you
[info] have a build process for your assets, use your build's output directory.
[info] 
